<?xml version="1.0" encoding="UTF-8"?>
<!-- Generated by org.testng.reporters.JUnitReportReporter -->
<testsuite hostname="AQTSWSCHPAR" failures="0" tests="1" name="com.maddinsson.SampleReport" time="0.005" errors="0" timestamp="2022-09-20T20:01:59 PET" skipped="0">
  <testcase classname="com.maddinsson.SampleReport" name="test_1" time="0.005"/>
  <system-out/>
</testsuite> <!-- com.maddinsson.SampleReport -->
