<?xml version="1.0" encoding="UTF-8"?>
<!-- Generated by org.testng.reporters.JUnitReportReporter -->
<testsuite hostname="AQTSWSCHPAR" failures="0" tests="1" name="com.madison.tests.RegistrarUserTest" time="10.188" errors="0" timestamp="2022-09-20T10:26:10 PET" skipped="0">
  <testcase classname="com.madison.tests.RegistrarUserTest" name="testRegisterSuccess" time="10.188"/>
  <system-out/>
</testsuite> <!-- com.madison.tests.RegistrarUserTest -->
