<?xml version="1.0" encoding="UTF-8"?>
<!-- Generated by org.testng.reporters.JUnitReportReporter -->
<testsuite hostname="AQTSWSCHPAR" failures="0" tests="1" name="com.madison.tests.RegistrarUserTest" time="12.675" errors="0" timestamp="2022-09-19T00:22:48 PET" skipped="0">
  <testcase classname="com.madison.tests.RegistrarUserTest" name="testRegisterSuccess" time="12.675"/>
  <system-out/>
</testsuite> <!-- com.madison.tests.RegistrarUserTest -->
