<?xml version="1.0" encoding="UTF-8"?>
<!-- Generated by org.testng.reporters.JUnitReportReporter -->
<testsuite hostname="AQTSWSCHPAR" failures="0" tests="1" name="com.madison.tests.ShopingTest" time="55.304" errors="0" timestamp="2022-09-22T23:10:05 PET" skipped="0">
  <testcase classname="com.madison.tests.ShopingTest" name="AddShopingCart1" time="55.304"/>
  <system-out/>
</testsuite> <!-- com.madison.tests.ShopingTest -->
